<?xml version="1.0" encoding="UTF-8"?>
<!-- Generated by org.testng.reporters.JUnitXMLReporter -->
<testsuite ignored="7" hostname="LAPTOP-DAA4P0L3" failures="0" tests="1" name="FastrackAutomation" time="24.236" errors="0" timestamp="2023-02-02T23:20:39 IST">
  <testcase classname="tests.HomePageTest" name="verifyMouseHoverFunction" time="0.03"/>
  <testcase classname="tests.HomePageTest" name="verifyDropDownFunction" time="0.0">
    <ignored/>
  </testcase> <!-- verifyDropDownFunction -->
  <testcase classname="tests.HomePageTest" name="verifyWindowHandlesFunction" time="0.0">
    <ignored/>
  </testcase> <!-- verifyWindowHandlesFunction -->
  <testcase classname="tests.HomePageTest" name="verifyAlertHandleFunction" time="0.0">
    <ignored/>
  </testcase> <!-- verifyAlertHandleFunction -->
  <testcase classname="tests.HomePageTest" name="verifyIFrame" time="0.0">
    <ignored/>
  </testcase> <!-- verifyIFrame -->
  <testcase classname="tests.HomePageTest" name="verifySearchingFunction" time="0.0">
    <ignored/>
  </testcase> <!-- verifySearchingFunction -->
  <testcase classname="tests.HomePageTest" name="verifySelectInCheckBoxFunction" time="0.0">
    <ignored/>
  </testcase> <!-- verifySelectInCheckBoxFunction -->
  <testcase classname="tests.HomePageTest" name="verifyCookiesMethods" time="0.0">
    <ignored/>
  </testcase> <!-- verifyCookiesMethods -->
</testsuite> <!-- FastrackAutomation -->
