<?xml version="1.0" encoding="UTF-8"?>
<testng-results ignored="7" total="8" passed="1" failed="0" skipped="0">
  <reporter-output>
  </reporter-output>
  <suite started-at="2023-02-02T23:20:14 IST" name="Default Suite" finished-at="2023-02-02T23:20:38 IST" duration-ms="24236">
    <groups>
    </groups>
    <test started-at="2023-02-02T23:20:14 IST" name="FastrackAutomation" finished-at="2023-02-02T23:20:38 IST" duration-ms="24236">
      <class name="tests.HomePageTest">
        <test-method is-config="true" signature="beforeMethod()[pri:0, instance:tests.HomePageTest@2e4b8173]" started-at="2023-02-02T23:20:14 IST" name="beforeMethod" finished-at="2023-02-02T23:20:38 IST" duration-ms="23969" status="PASS">
          <reporter-output>
          </reporter-output>
        </test-method> <!-- beforeMethod -->
        <test-method signature="verifyMouseHoverFunction()[pri:0, instance:tests.HomePageTest@2e4b8173]" started-at="2023-02-02T23:20:38 IST" name="verifyMouseHoverFunction" finished-at="2023-02-02T23:20:38 IST" duration-ms="30" status="PASS">
          <reporter-output>
          </reporter-output>
        </test-method> <!-- verifyMouseHoverFunction -->
        <test-method is-config="true" signature="afterMethod()[pri:0, instance:tests.HomePageTest@2e4b8173]" started-at="2023-02-02T23:20:38 IST" name="afterMethod" finished-at="2023-02-02T23:20:38 IST" duration-ms="158" status="PASS">
          <reporter-output>
          </reporter-output>
        </test-method> <!-- afterMethod -->
      </class> <!-- tests.HomePageTest -->
    </test> <!-- FastrackAutomation -->
  </suite> <!-- Default Suite -->
</testng-results>
